
=== Tue Mar  5 12:07:59 2019

Packages were changed.
Update Mode: updateDependencies

The following packages were added:
  com.unity.collab-proxy@1.2.15
The following packages were updated:
  com.unity.ads from version 2.0.8 to 2.3.1
  com.unity.analytics from version 2.0.16 to 3.2.2
  com.unity.package-manager-ui from version 1.9.11 to 2.0.3
  com.unity.textmeshpro from version 1.2.4 to 1.3.0

=== Tue Mar 19 19:30:34 2019

Packages were changed.
Update Mode: updateDependencies

The following packages were updated:
  com.unity.package-manager-ui from version 2.0.3 to 2.0.7

=== Tue Dec 10 10:54:26 2019

Packages were changed.
Update Mode: updateDependencies

The following packages were added:
  com.unity.2d.sprite@1.0.0
  com.unity.2d.tilemap@1.0.0
  com.unity.ide.rider@1.1.4
  com.unity.ide.visualstudio@2.0.0
  com.unity.ide.vscode@1.1.3
  com.unity.modules.androidjni@1.0.0
  com.unity.test-framework@1.1.5
  com.unity.timeline@1.2.3
  com.unity.ugui@1.0.0
  com.unity.xr.legacyinputhelpers@1.3.7
The following packages were updated:
  com.unity.ads from version 2.3.1 to 3.3.1
  com.unity.analytics from version 3.2.2 to 3.3.2
  com.unity.collab-proxy from version 1.2.15 to 1.2.16
  com.unity.purchasing from version 2.0.3 to 2.0.6
  com.unity.textmeshpro from version 1.3.0 to 3.0.0-preview.1
The following packages were removed:
  com.unity.package-manager-ui@2.0.7

=== Sat Jan  4 00:29:41 2020

Packages were changed.
Update Mode: updateDependencies

The following packages were updated:
  com.unity.collab-proxy from version 1.2.16 to 1.3.2

=== Thu Mar 26 16:29:55 2020

Packages were changed.
Update Mode: updateDependencies

The following packages were updated:
  com.unity.analytics from version 3.3.2 to 3.3.5
  com.unity.collab-proxy from version 1.3.2 to 1.3.7
  com.unity.ide.rider from version 1.1.4 to 1.2.1
  com.unity.ide.vscode from version 1.1.3 to 1.1.4
  com.unity.test-framework from version 1.1.5 to 1.1.11
  com.unity.timeline from version 1.2.3 to 1.2.6

=== Thu Jul 23 11:00:47 2020

Packages were changed.
Update Mode: updateDependencies

The following packages were updated:
  com.unity.ads from version 3.3.1 to 3.4.7
  com.unity.collab-proxy from version 1.3.7 to 1.3.8
  com.unity.ide.visualstudio from version 2.0.0 to 2.0.2
  com.unity.ide.vscode from version 1.1.4 to 1.2.1
  com.unity.test-framework from version 1.1.11 to 1.1.14
  com.unity.xr.legacyinputhelpers from version 1.3.7 to 2.1.4
